<?xml version="1.0" encoding="UTF-8"?>
<!-- Generated by org.testng.reporters.JUnitReportReporter -->
<testsuite hostname="DESKTOP-IDMI27C" failures="0" tests="5" name="test.AddPlace" time="7.436" errors="0" timestamp="2023-10-05T13:20:40 IST" skipped="0">
  <testcase classname="test.AddPlace" name="createGooglePlace" time="0.285"/>
  <testcase classname="test.AddPlace" name="createGooglePlace" time="5.680"/>
  <testcase classname="test.AddPlace" name="createGooglePlace" time="0.255"/>
  <testcase classname="test.AddPlace" name="updateAddress" time="0.674"/>
  <testcase classname="test.AddPlace" name="getGooglePlaceData" time="0.542"/>
</testsuite> <!-- test.AddPlace -->
